Flow report for TP_FINAL
Mon Feb 22 04:25:59 2021
Quartus Prime Version 18.1.0 Build 625 09/12/2018 SJ Lite Edition


---------------------
; Table of Contents ;
---------------------
  1. Legal Notice
  2. Flow Summary
  3. Flow Settings
  4. Flow Non-Default Global Settings
  5. Flow Elapsed Time
  6. Flow OS Summary
  7. Flow Log
  8. Flow Messages
  9. Flow Suppressed Messages



----------------
; Legal Notice ;
----------------
Copyright (C) 2018  Intel Corporation. All rights reserved.
Your use of Intel Corporation's design tools, logic functions 
and other software and tools, and its AMPP partner logic 
functions, and any output files from any of the foregoing 
(including device programming or simulation files), and any 
associated documentation or information are expressly subject 
to the terms and conditions of the Intel Program License 
Subscription Agreement, the Intel Quartus Prime License Agreement,
the Intel FPGA IP License Agreement, or other applicable license
agreement, including, without limitation, that your use is for
the sole purpose of programming logic devices manufactured by
Intel and sold by Intel or its authorized distributors.  Please
refer to the applicable agreement for further details.



+----------------------------------------------------------------------------------+
; Flow Summary                                                                     ;
+------------------------------------+---------------------------------------------+
; Flow Status                        ; Successful - Mon Feb 22 04:25:42 2021       ;
; Quartus Prime Version              ; 18.1.0 Build 625 09/12/2018 SJ Lite Edition ;
; Revision Name                      ; TP_FINAL                                    ;
; Top-level Entity Name              ; TP_FINAL                                    ;
; Family                             ; Cyclone IV E                                ;
; Device                             ; EP4CE22F17C6                                ;
; Timing Models                      ; Final                                       ;
; Total logic elements               ; 11,920 / 22,320 ( 53 % )                    ;
;     Total combinational functions  ; 11,328 / 22,320 ( 51 % )                    ;
;     Dedicated logic registers      ; 8,429 / 22,320 ( 38 % )                     ;
; Total registers                    ; 8429                                        ;
; Total pins                         ; 13 / 154 ( 8 % )                            ;
; Total virtual pins                 ; 0                                           ;
; Total memory bits                  ; 0 / 608,256 ( 0 % )                         ;
; Embedded Multiplier 9-bit elements ; 0 / 132 ( 0 % )                             ;
; Total PLLs                         ; 0 / 4 ( 0 % )                               ;
+------------------------------------+---------------------------------------------+


+-----------------------------------------+
; Flow Settings                           ;
+-------------------+---------------------+
; Option            ; Setting             ;
+-------------------+---------------------+
; Start date & time ; 02/22/2021 04:20:04 ;
; Main task         ; Compilation         ;
; Revision Name     ; TP_FINAL            ;
+-------------------+---------------------+


+-------------------------------------------------------------------------------------------------------------------------+
; Flow Non-Default Global Settings                                                                                        ;
+-------------------------------------+----------------------------------------+---------------+-------------+------------+
; Assignment Name                     ; Value                                  ; Default Value ; Entity Name ; Section Id ;
+-------------------------------------+----------------------------------------+---------------+-------------+------------+
; COMPILER_SIGNATURE_ID               ; 53447161615679.161397840316112         ; --            ; --          ; --         ;
; MAX_CORE_JUNCTION_TEMP              ; 85                                     ; --            ; --          ; --         ;
; MIN_CORE_JUNCTION_TEMP              ; 0                                      ; --            ; --          ; --         ;
; MISC_FILE                           ; Temp_bb.v                              ; --            ; --          ; --         ;
; MISC_FILE                           ; PLL_I2C.bsf                            ; --            ; --          ; --         ;
; MISC_FILE                           ; PLL_I2C_inst.v                         ; --            ; --          ; --         ;
; MISC_FILE                           ; PLL_I2C_bb.v                           ; --            ; --          ; --         ;
; MISC_FILE                           ; PLL_I2C.inc                            ; --            ; --          ; --         ;
; MISC_FILE                           ; PLL_I2C.cmp                            ; --            ; --          ; --         ;
; MISC_FILE                           ; PLL_I2C.ppf                            ; --            ; --          ; --         ;
; MISC_FILE                           ; PLL2.bsf                               ; --            ; --          ; --         ;
; MISC_FILE                           ; PLL2_inst.v                            ; --            ; --          ; --         ;
; MISC_FILE                           ; PLL2_bb.v                              ; --            ; --          ; --         ;
; MISC_FILE                           ; PLL2.inc                               ; --            ; --          ; --         ;
; MISC_FILE                           ; PLL2.cmp                               ; --            ; --          ; --         ;
; MISC_FILE                           ; PLL2.ppf                               ; --            ; --          ; --         ;
; NOMINAL_CORE_SUPPLY_VOLTAGE         ; 1.2V                                   ; --            ; --          ; --         ;
; PARTITION_COLOR                     ; -- (Not supported for targeted family) ; --            ; --          ; Top        ;
; PARTITION_FITTER_PRESERVATION_LEVEL ; -- (Not supported for targeted family) ; --            ; --          ; Top        ;
; PARTITION_NETLIST_TYPE              ; -- (Not supported for targeted family) ; --            ; --          ; Top        ;
; POWER_BOARD_THERMAL_MODEL           ; None (CONSERVATIVE)                    ; --            ; --          ; --         ;
; POWER_PRESET_COOLING_SOLUTION       ; 23 MM HEAT SINK WITH 200 LFPM AIRFLOW  ; --            ; --          ; --         ;
; PROJECT_OUTPUT_DIRECTORY            ; output_files                           ; --            ; --          ; --         ;
+-------------------------------------+----------------------------------------+---------------+-------------+------------+


+--------------------------------------------------------------------------------------------------------------------------+
; Flow Elapsed Time                                                                                                        ;
+----------------------+--------------+-------------------------+---------------------+------------------------------------+
; Module Name          ; Elapsed Time ; Average Processors Used ; Peak Virtual Memory ; Total CPU Time (on all processors) ;
+----------------------+--------------+-------------------------+---------------------+------------------------------------+
; Analysis & Synthesis ; 00:01:08     ; 1.0                     ; 4867 MB             ; 00:01:18                           ;
; Fitter               ; 00:04:18     ; 1.1                     ; 5699 MB             ; 00:05:41                           ;
; Assembler            ; 00:00:04     ; 1.0                     ; 4710 MB             ; 00:00:04                           ;
; Timing Analyzer      ; 00:00:14     ; 1.4                     ; 4898 MB             ; 00:00:14                           ;
; Total                ; 00:05:44     ; --                      ; --                  ; 00:07:17                           ;
+----------------------+--------------+-------------------------+---------------------+------------------------------------+


+------------------------------------------------------------------------------------+
; Flow OS Summary                                                                    ;
+----------------------+------------------+------------+------------+----------------+
; Module Name          ; Machine Hostname ; OS Name    ; OS Version ; Processor type ;
+----------------------+------------------+------------+------------+----------------+
; Analysis & Synthesis ; DESKTOP-135JCEO  ; Windows 10 ; 10.0       ; x86_64         ;
; Fitter               ; DESKTOP-135JCEO  ; Windows 10 ; 10.0       ; x86_64         ;
; Assembler            ; DESKTOP-135JCEO  ; Windows 10 ; 10.0       ; x86_64         ;
; Timing Analyzer      ; DESKTOP-135JCEO  ; Windows 10 ; 10.0       ; x86_64         ;
+----------------------+------------------+------------+------------+----------------+


------------
; Flow Log ;
------------
quartus_map --read_settings_files=on --write_settings_files=off TP_FINAL -c TP_FINAL
quartus_fit --read_settings_files=off --write_settings_files=off TP_FINAL -c TP_FINAL
quartus_asm --read_settings_files=off --write_settings_files=off TP_FINAL -c TP_FINAL
quartus_sta TP_FINAL -c TP_FINAL



